Using pre-set license

 COMMAND LINE ARGUMENTS:
/Applications/Unity/Hub/Editor/2020.3.14f1/Unity.app/Contents/MacOS/Unity
-adb2
-batchMode
-noUpm
-name
AssetImportWorker0
-projectPath
/Users/po_chih/Desktop/JetBot_Simulator/JetBot-Simulator-Unity
-logFile
Logs/AssetImportWorker0.log
-srvPort
57737
Successfully changed project path to: /Users/po_chih/Desktop/JetBot_Simulator/JetBot-Simulator-Unity
/Users/po_chih/Desktop/JetBot_Simulator/JetBot-Simulator-Unity
Using Asset Import Pipeline V2.
Refreshing native plugins compatible for Editor in 65.58 ms, found 2 plugins.
Preloading 0 native plugins for Editor in 0.00 ms.
Initialize engine version: 2020.3.14f1 (d0d1bb862f9d)
[Subsystems] Discovering subsystems at path /Applications/Unity/Hub/Editor/2020.3.14f1/Unity.app/Contents/Resources/UnitySubsystems
[Subsystems] Discovering subsystems at path /Users/po_chih/Desktop/JetBot_Simulator/JetBot-Simulator-Unity/Assets
GfxDevice: creating device client; threaded=0
2022-03-17 11:53:19.872 Unity[88538:4026871] Color LCD preferred device: Intel(R) Iris(TM) Plus Graphics 645 (low power)
2022-03-17 11:53:19.872 Unity[88538:4026871] Metal devices available: 1
2022-03-17 11:53:19.872 Unity[88538:4026871] 0: Intel(R) Iris(TM) Plus Graphics 645 (low power)
2022-03-17 11:53:19.872 Unity[88538:4026871] Using device Intel(R) Iris(TM) Plus Graphics 645 (low power)
Initializing Metal device caps: Intel(R) Iris(TM) Plus Graphics 645
Initialize mono
Mono path[0] = '/Applications/Unity/Hub/Editor/2020.3.14f1/Unity.app/Contents/Managed'
Mono path[1] = '/Applications/Unity/Hub/Editor/2020.3.14f1/Unity.app/Contents/MonoBleedingEdge/lib/mono/unityjit'
Mono config path = '/Applications/Unity/Hub/Editor/2020.3.14f1/Unity.app/Contents/MonoBleedingEdge/etc'
Using monoOptions --debugger-agent=transport=dt_socket,embedding=1,server=y,suspend=n,address=127.0.0.1:56538
Begin MonoManager ReloadAssembly
Registering precompiled unity dll's ...
Register platform support module: /Applications/Unity/Hub/Editor/2020.3.14f1/Unity.app/Contents/PlaybackEngines/MacStandaloneSupport/UnityEditor.OSXStandalone.Extensions.dll
Register platform support module: /Applications/Unity/Hub/Editor/2020.3.14f1/PlaybackEngines/WindowsStandaloneSupport/UnityEditor.WindowsStandalone.Extensions.dll
Register platform support module: /Applications/Unity/Hub/Editor/2020.3.14f1/PlaybackEngines/LinuxStandaloneSupport/UnityEditor.LinuxStandalone.Extensions.dll
Registered in 0.002790 seconds.
Native extension for LinuxStandalone target not found
Native extension for WindowsStandalone target not found
Native extension for OSXStandalone target not found
Refreshing native plugins compatible for Editor in 63.15 ms, found 2 plugins.
Preloading 0 native plugins for Editor in 0.00 ms.
Mono: successfully reloaded assembly
- Completed reload, in  2.548 seconds
Domain Reload Profiling:
	ReloadAssembly (2548ms)
		BeginReloadAssembly (66ms)
			ExecutionOrderSort (0ms)
			DisableScriptedObjects (0ms)
			BackupInstance (0ms)
			ReleaseScriptingObjects (0ms)
			CreateAndSetChildDomain (1ms)
		EndReloadAssembly (682ms)
			LoadAssemblies (68ms)
			RebuildTransferFunctionScriptingTraits (0ms)
			SetupTypeCache (245ms)
			ReleaseScriptCaches (0ms)
			RebuildScriptCaches (71ms)
			SetupLoadedEditorAssemblies (287ms)
				LogAssemblyErrors (0ms)
				InitializePlatformSupportModulesInManaged (44ms)
				SetLoadedEditorAssemblies (0ms)
				RefreshPlugins (63ms)
				BeforeProcessingInitializeOnLoad (18ms)
				ProcessInitializeOnLoadAttributes (124ms)
				ProcessInitializeOnLoadMethodAttributes (37ms)
				AfterProcessingInitializeOnLoad (0ms)
				EditorAssembliesLoaded (0ms)
			ExecutionOrderSort2 (0ms)
			AwakeInstancesAfterBackupRestoration (0ms)
Platform modules already initialized, skipping
Registering precompiled user dll's ...
Registered in 0.012524 seconds.
Begin MonoManager ReloadAssembly
Native extension for LinuxStandalone target not found
Native extension for WindowsStandalone target not found
Native extension for OSXStandalone target not found
Refreshing native plugins compatible for Editor in 0.77 ms, found 2 plugins.
Preloading 0 native plugins for Editor in 0.00 ms.
Mono: successfully reloaded assembly
- Completed reload, in  1.919 seconds
Domain Reload Profiling:
	ReloadAssembly (1920ms)
		BeginReloadAssembly (353ms)
			ExecutionOrderSort (0ms)
			DisableScriptedObjects (8ms)
			BackupInstance (0ms)
			ReleaseScriptingObjects (0ms)
			CreateAndSetChildDomain (94ms)
		EndReloadAssembly (1424ms)
			LoadAssemblies (232ms)
			RebuildTransferFunctionScriptingTraits (0ms)
			SetupTypeCache (516ms)
			ReleaseScriptCaches (1ms)
			RebuildScriptCaches (78ms)
			SetupLoadedEditorAssemblies (490ms)
				LogAssemblyErrors (0ms)
				InitializePlatformSupportModulesInManaged (9ms)
				SetLoadedEditorAssemblies (1ms)
				RefreshPlugins (1ms)
				BeforeProcessingInitializeOnLoad (83ms)
				ProcessInitializeOnLoadAttributes (340ms)
				ProcessInitializeOnLoadMethodAttributes (55ms)
				AfterProcessingInitializeOnLoad (2ms)
				EditorAssembliesLoaded (0ms)
			ExecutionOrderSort2 (0ms)
			AwakeInstancesAfterBackupRestoration (9ms)
Platform modules already initialized, skipping
========================================================================
Worker process is ready to serve import requests
Launching external process: /Applications/Unity/Hub/Editor/2020.3.14f1/Unity.app/Contents/Tools/UnityShaderCompiler
Launched and connected shader compiler UnityShaderCompiler after 0.02 seconds
Refreshing native plugins compatible for Editor in 1.14 ms, found 2 plugins.
Preloading 0 native plugins for Editor in 0.00 ms.
Unloading 2096 Unused Serialized files (Serialized files now loaded: 0)
System memory in use before: 165.4 MB.
System memory in use after: 165.5 MB.

Unloading 63 unused Assets to reduce memory usage. Loaded Objects now: 2497.
Total: 9.229321 ms (FindLiveObjects: 0.426892 ms CreateObjectMapping: 0.137638 ms MarkObjects: 8.536654 ms  DeleteObjects: 0.126752 ms)

AssetImportParameters requested are different than current active one (requested -> active):
  custom:video-decoder-ogg-theora: a1e56fd34408186e4bbccfd4996cb3dc -> 
  custom:container-muxer-webm: aa71ff27fc2769a1b78a27578f13a17b -> 
  custom:container-demuxer-webm: 4f35f7cbe854078d1ac9338744f61a02 -> 
  custom:container-demuxer-ogg: 62fdf1f143b41e24485cea50d1cbac27 -> 
  custom:video-encoder-webm-vp8: eb34c28f22e8b96e1ab97ce403110664 -> 
  custom:framework-osx-AVFoundation: e770b220cccbd017edd2c1fefb359320 -> 
  custom:video-decoder-webm-vp8: 9c59270c3fd7afecdb556c50c9e8de78 -> 
  custom:audio-decoder-ogg-vorbis: bf7c407c2cedff20999df2af8eb42d56 -> 
  custom:audio-encoder-webm-vorbis: bf7c407c2cedff20999df2af8eb42d56 -> 
========================================================================
Received Import Request.
  path: Assets/Scripts/jetbotWheel.cs
  artifactKey: Guid(ff8b6914d2093f04e8ee24331949642e) Importer(815301076,1909f56bfc062723c751e8b465ee728b)
Start importing Assets/Scripts/jetbotWheel.cs using Guid(ff8b6914d2093f04e8ee24331949642e) Importer(815301076,1909f56bfc062723c751e8b465ee728b)  -> (artifact id: '7ffe8e87ebd7f1dabd847ba17e52b8b1') in 0.445869 seconds 
  Import took 0.449867 seconds .

========================================================================
Received Import Request.
  Time since last request: 30.891260 seconds.
  path: Assets/Scripts/jetbotControl.cs
  artifactKey: Guid(344e75c8b24562a438b900133df984f5) Importer(815301076,1909f56bfc062723c751e8b465ee728b)
Start importing Assets/Scripts/jetbotControl.cs using Guid(344e75c8b24562a438b900133df984f5) Importer(815301076,1909f56bfc062723c751e8b465ee728b)  -> (artifact id: 'd55b7daddd3ecb5d64e8c7a1eab7864d') in 0.001875 seconds 
  Import took 0.005000 seconds .

========================================================================
Received Import Request.
  Time since last request: 17.615487 seconds.
  path: Assets/Scripts/jetbotCamera.cs
  artifactKey: Guid(e309f87eae8104043ae9412ac8bd64b7) Importer(815301076,1909f56bfc062723c751e8b465ee728b)
Start importing Assets/Scripts/jetbotCamera.cs using Guid(e309f87eae8104043ae9412ac8bd64b7) Importer(815301076,1909f56bfc062723c751e8b465ee728b)  -> (artifact id: '2fc59745f83688af00e7658204d38c3d') in 0.001878 seconds 
  Import took 0.005534 seconds .

========================================================================
Received Import Request.
  Time since last request: 0.005021 seconds.
  path: Assets/Scripts/jetbotCamera.cs
  artifactKey: Guid(e309f87eae8104043ae9412ac8bd64b7) Importer(815301076,1909f56bfc062723c751e8b465ee728b)
Start importing Assets/Scripts/jetbotCamera.cs using Guid(e309f87eae8104043ae9412ac8bd64b7) Importer(815301076,1909f56bfc062723c751e8b465ee728b)  -> (artifact id: '2fc59745f83688af00e7658204d38c3d') in 0.001311 seconds 
  Import took 0.004308 seconds .

========================================================================
Received Prepare
Registering precompiled user dll's ...
Registered in 0.004492 seconds.
Begin MonoManager ReloadAssembly
Native extension for LinuxStandalone target not found
Native extension for WindowsStandalone target not found
Native extension for OSXStandalone target not found
Refreshing native plugins compatible for Editor in 0.72 ms, found 2 plugins.
Preloading 0 native plugins for Editor in 0.00 ms.
Mono: successfully reloaded assembly
- Completed reload, in  1.416 seconds
Domain Reload Profiling:
	ReloadAssembly (1417ms)
		BeginReloadAssembly (228ms)
			ExecutionOrderSort (0ms)
			DisableScriptedObjects (15ms)
			BackupInstance (0ms)
			ReleaseScriptingObjects (0ms)
			CreateAndSetChildDomain (116ms)
		EndReloadAssembly (1106ms)
			LoadAssemblies (107ms)
			RebuildTransferFunctionScriptingTraits (0ms)
			SetupTypeCache (407ms)
			ReleaseScriptCaches (1ms)
			RebuildScriptCaches (66ms)
			SetupLoadedEditorAssemblies (394ms)
				LogAssemblyErrors (0ms)
				InitializePlatformSupportModulesInManaged (8ms)
				SetLoadedEditorAssemblies (1ms)
				RefreshPlugins (1ms)
				BeforeProcessingInitializeOnLoad (70ms)
				ProcessInitializeOnLoadAttributes (268ms)
				ProcessInitializeOnLoadMethodAttributes (44ms)
				AfterProcessingInitializeOnLoad (2ms)
				EditorAssembliesLoaded (0ms)
			ExecutionOrderSort2 (0ms)
			AwakeInstancesAfterBackupRestoration (10ms)
Platform modules already initialized, skipping
Refreshing native plugins compatible for Editor in 1.27 ms, found 2 plugins.
Preloading 0 native plugins for Editor in 0.00 ms.
Unloading 2091 Unused Serialized files (Serialized files now loaded: 0)
System memory in use before: 170.1 MB.
System memory in use after: 170.2 MB.

Unloading 54 unused Assets to reduce memory usage. Loaded Objects now: 2500.
Total: 13.637081 ms (FindLiveObjects: 1.351068 ms CreateObjectMapping: 0.187869 ms MarkObjects: 12.041248 ms  DeleteObjects: 0.055483 ms)

AssetImportParameters requested are different than current active one (requested -> active):
  custom:video-decoder-ogg-theora: a1e56fd34408186e4bbccfd4996cb3dc -> 
  custom:container-muxer-webm: aa71ff27fc2769a1b78a27578f13a17b -> 
  custom:container-demuxer-webm: 4f35f7cbe854078d1ac9338744f61a02 -> 
  custom:container-demuxer-ogg: 62fdf1f143b41e24485cea50d1cbac27 -> 
  custom:video-encoder-webm-vp8: eb34c28f22e8b96e1ab97ce403110664 -> 
  custom:framework-osx-AVFoundation: e770b220cccbd017edd2c1fefb359320 -> 
  custom:video-decoder-webm-vp8: 9c59270c3fd7afecdb556c50c9e8de78 -> 
  custom:audio-decoder-ogg-vorbis: bf7c407c2cedff20999df2af8eb42d56 -> 
  custom:audio-encoder-webm-vorbis: bf7c407c2cedff20999df2af8eb42d56 -> 
========================================================================
Received Import Request.
  Time since last request: 1722.346081 seconds.
  path: Assets/Scripts/jetbotWheel.cs
  artifactKey: Guid(ff8b6914d2093f04e8ee24331949642e) Importer(815301076,1909f56bfc062723c751e8b465ee728b)
Start importing Assets/Scripts/jetbotWheel.cs using Guid(ff8b6914d2093f04e8ee24331949642e) Importer(815301076,1909f56bfc062723c751e8b465ee728b)  -> (artifact id: '2206202b2673c7d0f38d4c1284ade176') in 0.015612 seconds 
  Import took 0.019915 seconds .

========================================================================
Received Import Request.
  Time since last request: 2.990439 seconds.
  path: Assets/Scripts/cameraMouseMove.cs
  artifactKey: Guid(07d40075b3c43a54bb3f3207dae86a4d) Importer(815301076,1909f56bfc062723c751e8b465ee728b)
Start importing Assets/Scripts/cameraMouseMove.cs using Guid(07d40075b3c43a54bb3f3207dae86a4d) Importer(815301076,1909f56bfc062723c751e8b465ee728b)  -> (artifact id: 'c2068a7263c396c01f3ed3c533674394') in 0.001524 seconds 
  Import took 0.005268 seconds .

AssetImportWorkerClient::OnTransportError - code=2 error=End of file
